
*** Running vivado
    with args -log Interconnect_benes.vds -m64 -product Vivado -mode batch -messageDb vivado.pb -notrace -source Interconnect_benes.tcl


****** Vivado v2020.2.2 (64-bit)
  **** SW Build 3118627 on Tue Feb  9 05:13:49 MST 2021
  **** IP Build 3115676 on Tue Feb  9 10:48:11 MST 2021
    ** Copyright 1986-2021 Xilinx, Inc. All Rights Reserved.

source Interconnect_benes.tcl -notrace
Command: synth_design -top Interconnect_benes -part xcu280-fsvh2892-2L-e
Starting synth_design
Attempting to get a license for feature 'Synthesis' and/or device 'xcu280'
INFO: [Common 17-349] Got license for feature 'Synthesis' and/or device 'xcu280'
INFO: [Synth 8-7079] Multithreading enabled for synth_design using a maximum of 4 processes.
INFO: [Synth 8-7078] Launching helper process for spawning children vivado processes
INFO: [Synth 8-7075] Helper process launched with PID 14376
---------------------------------------------------------------------------------
Starting Synthesize : Time (s): cpu = 00:00:02 ; elapsed = 00:00:02 . Memory (MB): peak = 2347.414 ; gain = 0.000 ; free physical = 836 ; free virtual = 6712
---------------------------------------------------------------------------------
INFO: [Synth 8-6157] synthesizing module 'Interconnect_benes' [/home/hs/Desktop/FHE/fhe_benes/fhe_interconnect/step1/intc_benes.sv:12]
INFO: [Synth 8-6157] synthesizing module 'network_module' [/home/hs/Desktop/FHE/fhe_benes/fhe_interconnect/step1/vivado/project_1/project_1.srcs/sources_1/imports/step1/network_module.sv:6]
INFO: [Synth 8-6157] synthesizing module 'stage_module' [/home/hs/Desktop/FHE/fhe_benes/fhe_interconnect/step1/vivado/project_1/project_1.srcs/sources_1/imports/step1/stage_module.sv:4]
INFO: [Synth 8-6157] synthesizing module 'switch_module' [/home/hs/Desktop/FHE/fhe_benes/fhe_interconnect/step1/vivado/project_1/project_1.srcs/sources_1/imports/step1/switch_module.sv:3]
INFO: [Synth 8-6155] done synthesizing module 'switch_module' (1#1) [/home/hs/Desktop/FHE/fhe_benes/fhe_interconnect/step1/vivado/project_1/project_1.srcs/sources_1/imports/step1/switch_module.sv:3]
INFO: [Synth 8-6155] done synthesizing module 'stage_module' (2#1) [/home/hs/Desktop/FHE/fhe_benes/fhe_interconnect/step1/vivado/project_1/project_1.srcs/sources_1/imports/step1/stage_module.sv:4]
INFO: [Synth 8-6155] done synthesizing module 'network_module' (3#1) [/home/hs/Desktop/FHE/fhe_benes/fhe_interconnect/step1/vivado/project_1/project_1.srcs/sources_1/imports/step1/network_module.sv:6]
INFO: [Synth 8-6155] done synthesizing module 'Interconnect_benes' (4#1) [/home/hs/Desktop/FHE/fhe_benes/fhe_interconnect/step1/intc_benes.sv:12]
---------------------------------------------------------------------------------
Finished Synthesize : Time (s): cpu = 00:00:03 ; elapsed = 00:00:03 . Memory (MB): peak = 2347.414 ; gain = 0.000 ; free physical = 1691 ; free virtual = 7429
---------------------------------------------------------------------------------
---------------------------------------------------------------------------------
Finished Constraint Validation : Time (s): cpu = 00:00:03 ; elapsed = 00:00:03 . Memory (MB): peak = 2347.414 ; gain = 0.000 ; free physical = 1677 ; free virtual = 7416
---------------------------------------------------------------------------------
---------------------------------------------------------------------------------
Start Loading Part and Timing Information
---------------------------------------------------------------------------------
Loading part: xcu280-fsvh2892-2L-e
INFO: [Synth 8-6742] Reading net delay rules and data
Part Resources:
DSPs: 9024 (col length:94)
BRAMs: 4032 (col length: RAMB18 288 RAMB36 144)
---------------------------------------------------------------------------------
Finished Part Resource Summary
---------------------------------------------------------------------------------
No constraint files found.
---------------------------------------------------------------------------------
Start Cross Boundary and Area Optimization
---------------------------------------------------------------------------------
WARNING: [Synth 8-7129] Port clk in module switch_module is either unconnected or has no load
WARNING: [Synth 8-7129] Port clk in module switch_module__15 is either unconnected or has no load
WARNING: [Synth 8-7129] Port clk in module switch_module__14 is either unconnected or has no load
WARNING: [Synth 8-7129] Port clk in module switch_module__13 is either unconnected or has no load
WARNING: [Synth 8-7129] Port clk in module switch_module__12 is either unconnected or has no load
WARNING: [Synth 8-7129] Port clk in module switch_module__11 is either unconnected or has no load
WARNING: [Synth 8-7129] Port clk in module switch_module__10 is either unconnected or has no load
WARNING: [Synth 8-7129] Port clk in module switch_module__9 is either unconnected or has no load
WARNING: [Synth 8-7129] Port clk in module switch_module__8 is either unconnected or has no load
WARNING: [Synth 8-7129] Port clk in module switch_module__7 is either unconnected or has no load
WARNING: [Synth 8-7129] Port clk in module switch_module__6 is either unconnected or has no load
WARNING: [Synth 8-7129] Port clk in module switch_module__5 is either unconnected or has no load
WARNING: [Synth 8-7129] Port clk in module switch_module__4 is either unconnected or has no load
WARNING: [Synth 8-7129] Port clk in module switch_module__3 is either unconnected or has no load
WARNING: [Synth 8-7129] Port clk in module switch_module__2 is either unconnected or has no load
WARNING: [Synth 8-7129] Port clk in module switch_module__1 is either unconnected or has no load
---------------------------------------------------------------------------------
Finished Cross Boundary and Area Optimization : Time (s): cpu = 00:00:34 ; elapsed = 00:06:00 . Memory (MB): peak = 3509.188 ; gain = 1161.773 ; free physical = 11132 ; free virtual = 12787
---------------------------------------------------------------------------------
No constraint files found.
---------------------------------------------------------------------------------
Start Timing Optimization
---------------------------------------------------------------------------------
---------------------------------------------------------------------------------
Finished Timing Optimization : Time (s): cpu = 00:00:48 ; elapsed = 00:06:14 . Memory (MB): peak = 3735.492 ; gain = 1388.078 ; free physical = 13805 ; free virtual = 15729
---------------------------------------------------------------------------------
---------------------------------------------------------------------------------
Start Technology Mapping
---------------------------------------------------------------------------------
---------------------------------------------------------------------------------
Finished Technology Mapping : Time (s): cpu = 00:01:07 ; elapsed = 00:06:34 . Memory (MB): peak = 4064.902 ; gain = 1717.488 ; free physical = 13044 ; free virtual = 15075
---------------------------------------------------------------------------------
---------------------------------------------------------------------------------
Start IO Insertion
---------------------------------------------------------------------------------
---------------------------------------------------------------------------------
Start Flattening Before IO Insertion
---------------------------------------------------------------------------------
---------------------------------------------------------------------------------
Finished Flattening Before IO Insertion
---------------------------------------------------------------------------------
---------------------------------------------------------------------------------
Start Final Netlist Cleanup
---------------------------------------------------------------------------------
CRITICAL WARNING: [Synth 8-6859] multi-driven net on pin Q with 1st driver pin 'module_input_reg_reg[19][511]/Q' [/home/hs/Desktop/FHE/fhe_benes/fhe_interconnect/step1/intc_benes.sv:36]
CRITICAL WARNING: [Synth 8-6859] multi-driven net on pin Q with 2nd driver pin 'GND' [/home/hs/Desktop/FHE/fhe_benes/fhe_interconnect/step1/intc_benes.sv:36]
CRITICAL WARNING: [Synth 8-6858] multi-driven net Q is connected to at least one constant driver which has been preserved, other driver is ignored [/home/hs/Desktop/FHE/fhe_benes/fhe_interconnect/step1/intc_benes.sv:36]
CRITICAL WARNING: [Synth 8-6859] multi-driven net on pin Q with 1st driver pin 'module_input_reg_reg[19][510]/Q' [/home/hs/Desktop/FHE/fhe_benes/fhe_interconnect/step1/intc_benes.sv:36]
CRITICAL WARNING: [Synth 8-6859] multi-driven net on pin Q with 2nd driver pin 'GND' [/home/hs/Desktop/FHE/fhe_benes/fhe_interconnect/step1/intc_benes.sv:36]
CRITICAL WARNING: [Synth 8-6858] multi-driven net Q is connected to at least one constant driver which has been preserved, other driver is ignored [/home/hs/Desktop/FHE/fhe_benes/fhe_interconnect/step1/intc_benes.sv:36]
CRITICAL WARNING: [Synth 8-6859] multi-driven net on pin Q with 1st driver pin 'module_input_reg_reg[19][509]/Q' [/home/hs/Desktop/FHE/fhe_benes/fhe_interconnect/step1/intc_benes.sv:36]
CRITICAL WARNING: [Synth 8-6859] multi-driven net on pin Q with 2nd driver pin 'GND' [/home/hs/Desktop/FHE/fhe_benes/fhe_interconnect/step1/intc_benes.sv:36]
CRITICAL WARNING: [Synth 8-6858] multi-driven net Q is connected to at least one constant driver which has been preserved, other driver is ignored [/home/hs/Desktop/FHE/fhe_benes/fhe_interconnect/step1/intc_benes.sv:36]
CRITICAL WARNING: [Synth 8-6859] multi-driven net on pin Q with 1st driver pin 'module_input_reg_reg[19][508]/Q' [/home/hs/Desktop/FHE/fhe_benes/fhe_interconnect/step1/intc_benes.sv:36]
CRITICAL WARNING: [Synth 8-6859] multi-driven net on pin Q with 2nd driver pin 'GND' [/home/hs/Desktop/FHE/fhe_benes/fhe_interconnect/step1/intc_benes.sv:36]
CRITICAL WARNING: [Synth 8-6858] multi-driven net Q is connected to at least one constant driver which has been preserved, other driver is ignored [/home/hs/Desktop/FHE/fhe_benes/fhe_interconnect/step1/intc_benes.sv:36]
CRITICAL WARNING: [Synth 8-6859] multi-driven net on pin Q with 1st driver pin 'module_input_reg_reg[19][507]/Q' [/home/hs/Desktop/FHE/fhe_benes/fhe_interconnect/step1/intc_benes.sv:36]
CRITICAL WARNING: [Synth 8-6859] multi-driven net on pin Q with 2nd driver pin 'GND' [/home/hs/Desktop/FHE/fhe_benes/fhe_interconnect/step1/intc_benes.sv:36]
CRITICAL WARNING: [Synth 8-6858] multi-driven net Q is connected to at least one constant driver which has been preserved, other driver is ignored [/home/hs/Desktop/FHE/fhe_benes/fhe_interconnect/step1/intc_benes.sv:36]
CRITICAL WARNING: [Synth 8-6859] multi-driven net on pin Q with 1st driver pin 'module_input_reg_reg[19][506]/Q' [/home/hs/Desktop/FHE/fhe_benes/fhe_interconnect/step1/intc_benes.sv:36]
CRITICAL WARNING: [Synth 8-6859] multi-driven net on pin Q with 2nd driver pin 'GND' [/home/hs/Desktop/FHE/fhe_benes/fhe_interconnect/step1/intc_benes.sv:36]
CRITICAL WARNING: [Synth 8-6858] multi-driven net Q is connected to at least one constant driver which has been preserved, other driver is ignored [/home/hs/Desktop/FHE/fhe_benes/fhe_interconnect/step1/intc_benes.sv:36]
CRITICAL WARNING: [Synth 8-6859] multi-driven net on pin Q with 1st driver pin 'module_input_reg_reg[19][505]/Q' [/home/hs/Desktop/FHE/fhe_benes/fhe_interconnect/step1/intc_benes.sv:36]
CRITICAL WARNING: [Synth 8-6859] multi-driven net on pin Q with 2nd driver pin 'GND' [/home/hs/Desktop/FHE/fhe_benes/fhe_interconnect/step1/intc_benes.sv:36]
CRITICAL WARNING: [Synth 8-6858] multi-driven net Q is connected to at least one constant driver which has been preserved, other driver is ignored [/home/hs/Desktop/FHE/fhe_benes/fhe_interconnect/step1/intc_benes.sv:36]
CRITICAL WARNING: [Synth 8-6859] multi-driven net on pin Q with 1st driver pin 'module_input_reg_reg[19][504]/Q' [/home/hs/Desktop/FHE/fhe_benes/fhe_interconnect/step1/intc_benes.sv:36]
CRITICAL WARNING: [Synth 8-6859] multi-driven net on pin Q with 2nd driver pin 'GND' [/home/hs/Desktop/FHE/fhe_benes/fhe_interconnect/step1/intc_benes.sv:36]
CRITICAL WARNING: [Synth 8-6858] multi-driven net Q is connected to at least one constant driver which has been preserved, other driver is ignored [/home/hs/Desktop/FHE/fhe_benes/fhe_interconnect/step1/intc_benes.sv:36]
CRITICAL WARNING: [Synth 8-6859] multi-driven net on pin Q with 1st driver pin 'module_input_reg_reg[19][503]/Q' [/home/hs/Desktop/FHE/fhe_benes/fhe_interconnect/step1/intc_benes.sv:36]
CRITICAL WARNING: [Synth 8-6859] multi-driven net on pin Q with 2nd driver pin 'GND' [/home/hs/Desktop/FHE/fhe_benes/fhe_interconnect/step1/intc_benes.sv:36]
CRITICAL WARNING: [Synth 8-6858] multi-driven net Q is connected to at least one constant driver which has been preserved, other driver is ignored [/home/hs/Desktop/FHE/fhe_benes/fhe_interconnect/step1/intc_benes.sv:36]
CRITICAL WARNING: [Synth 8-6859] multi-driven net on pin Q with 1st driver pin 'module_input_reg_reg[19][502]/Q' [/home/hs/Desktop/FHE/fhe_benes/fhe_interconnect/step1/intc_benes.sv:36]
CRITICAL WARNING: [Synth 8-6859] multi-driven net on pin Q with 2nd driver pin 'GND' [/home/hs/Desktop/FHE/fhe_benes/fhe_interconnect/step1/intc_benes.sv:36]
CRITICAL WARNING: [Synth 8-6858] multi-driven net Q is connected to at least one constant driver which has been preserved, other driver is ignored [/home/hs/Desktop/FHE/fhe_benes/fhe_interconnect/step1/intc_benes.sv:36]
CRITICAL WARNING: [Synth 8-6859] multi-driven net on pin Q with 1st driver pin 'module_input_reg_reg[19][501]/Q' [/home/hs/Desktop/FHE/fhe_benes/fhe_interconnect/step1/intc_benes.sv:36]
CRITICAL WARNING: [Synth 8-6859] multi-driven net on pin Q with 2nd driver pin 'GND' [/home/hs/Desktop/FHE/fhe_benes/fhe_interconnect/step1/intc_benes.sv:36]
CRITICAL WARNING: [Synth 8-6858] multi-driven net Q is connected to at least one constant driver which has been preserved, other driver is ignored [/home/hs/Desktop/FHE/fhe_benes/fhe_interconnect/step1/intc_benes.sv:36]
CRITICAL WARNING: [Synth 8-6859] multi-driven net on pin Q with 1st driver pin 'module_input_reg_reg[19][500]/Q' [/home/hs/Desktop/FHE/fhe_benes/fhe_interconnect/step1/intc_benes.sv:36]
CRITICAL WARNING: [Synth 8-6859] multi-driven net on pin Q with 2nd driver pin 'GND' [/home/hs/Desktop/FHE/fhe_benes/fhe_interconnect/step1/intc_benes.sv:36]
CRITICAL WARNING: [Synth 8-6858] multi-driven net Q is connected to at least one constant driver which has been preserved, other driver is ignored [/home/hs/Desktop/FHE/fhe_benes/fhe_interconnect/step1/intc_benes.sv:36]
CRITICAL WARNING: [Synth 8-6859] multi-driven net on pin Q with 1st driver pin 'module_input_reg_reg[19][499]/Q' [/home/hs/Desktop/FHE/fhe_benes/fhe_interconnect/step1/intc_benes.sv:36]
CRITICAL WARNING: [Synth 8-6859] multi-driven net on pin Q with 2nd driver pin 'GND' [/home/hs/Desktop/FHE/fhe_benes/fhe_interconnect/step1/intc_benes.sv:36]
CRITICAL WARNING: [Synth 8-6858] multi-driven net Q is connected to at least one constant driver which has been preserved, other driver is ignored [/home/hs/Desktop/FHE/fhe_benes/fhe_interconnect/step1/intc_benes.sv:36]
CRITICAL WARNING: [Synth 8-6859] multi-driven net on pin Q with 1st driver pin 'module_input_reg_reg[19][498]/Q' [/home/hs/Desktop/FHE/fhe_benes/fhe_interconnect/step1/intc_benes.sv:36]
CRITICAL WARNING: [Synth 8-6859] multi-driven net on pin Q with 2nd driver pin 'GND' [/home/hs/Desktop/FHE/fhe_benes/fhe_interconnect/step1/intc_benes.sv:36]
CRITICAL WARNING: [Synth 8-6858] multi-driven net Q is connected to at least one constant driver which has been preserved, other driver is ignored [/home/hs/Desktop/FHE/fhe_benes/fhe_interconnect/step1/intc_benes.sv:36]
CRITICAL WARNING: [Synth 8-6859] multi-driven net on pin Q with 1st driver pin 'module_input_reg_reg[19][497]/Q' [/home/hs/Desktop/FHE/fhe_benes/fhe_interconnect/step1/intc_benes.sv:36]
CRITICAL WARNING: [Synth 8-6859] multi-driven net on pin Q with 2nd driver pin 'GND' [/home/hs/Desktop/FHE/fhe_benes/fhe_interconnect/step1/intc_benes.sv:36]
CRITICAL WARNING: [Synth 8-6858] multi-driven net Q is connected to at least one constant driver which has been preserved, other driver is ignored [/home/hs/Desktop/FHE/fhe_benes/fhe_interconnect/step1/intc_benes.sv:36]
CRITICAL WARNING: [Synth 8-6859] multi-driven net on pin Q with 1st driver pin 'module_input_reg_reg[19][496]/Q' [/home/hs/Desktop/FHE/fhe_benes/fhe_interconnect/step1/intc_benes.sv:36]
CRITICAL WARNING: [Synth 8-6859] multi-driven net on pin Q with 2nd driver pin 'GND' [/home/hs/Desktop/FHE/fhe_benes/fhe_interconnect/step1/intc_benes.sv:36]
CRITICAL WARNING: [Synth 8-6858] multi-driven net Q is connected to at least one constant driver which has been preserved, other driver is ignored [/home/hs/Desktop/FHE/fhe_benes/fhe_interconnect/step1/intc_benes.sv:36]
CRITICAL WARNING: [Synth 8-6859] multi-driven net on pin Q with 1st driver pin 'module_input_reg_reg[19][495]/Q' [/home/hs/Desktop/FHE/fhe_benes/fhe_interconnect/step1/intc_benes.sv:36]
CRITICAL WARNING: [Synth 8-6859] multi-driven net on pin Q with 2nd driver pin 'GND' [/home/hs/Desktop/FHE/fhe_benes/fhe_interconnect/step1/intc_benes.sv:36]
CRITICAL WARNING: [Synth 8-6858] multi-driven net Q is connected to at least one constant driver which has been preserved, other driver is ignored [/home/hs/Desktop/FHE/fhe_benes/fhe_interconnect/step1/intc_benes.sv:36]
CRITICAL WARNING: [Synth 8-6859] multi-driven net on pin Q with 1st driver pin 'module_input_reg_reg[19][494]/Q' [/home/hs/Desktop/FHE/fhe_benes/fhe_interconnect/step1/intc_benes.sv:36]
CRITICAL WARNING: [Synth 8-6859] multi-driven net on pin Q with 2nd driver pin 'GND' [/home/hs/Desktop/FHE/fhe_benes/fhe_interconnect/step1/intc_benes.sv:36]
CRITICAL WARNING: [Synth 8-6858] multi-driven net Q is connected to at least one constant driver which has been preserved, other driver is ignored [/home/hs/Desktop/FHE/fhe_benes/fhe_interconnect/step1/intc_benes.sv:36]
CRITICAL WARNING: [Synth 8-6859] multi-driven net on pin Q with 1st driver pin 'module_input_reg_reg[19][493]/Q' [/home/hs/Desktop/FHE/fhe_benes/fhe_interconnect/step1/intc_benes.sv:36]
CRITICAL WARNING: [Synth 8-6859] multi-driven net on pin Q with 2nd driver pin 'GND' [/home/hs/Desktop/FHE/fhe_benes/fhe_interconnect/step1/intc_benes.sv:36]
CRITICAL WARNING: [Synth 8-6858] multi-driven net Q is connected to at least one constant driver which has been preserved, other driver is ignored [/home/hs/Desktop/FHE/fhe_benes/fhe_interconnect/step1/intc_benes.sv:36]
CRITICAL WARNING: [Synth 8-6859] multi-driven net on pin Q with 1st driver pin 'module_input_reg_reg[19][492]/Q' [/home/hs/Desktop/FHE/fhe_benes/fhe_interconnect/step1/intc_benes.sv:36]
CRITICAL WARNING: [Synth 8-6859] multi-driven net on pin Q with 2nd driver pin 'GND' [/home/hs/Desktop/FHE/fhe_benes/fhe_interconnect/step1/intc_benes.sv:36]
CRITICAL WARNING: [Synth 8-6858] multi-driven net Q is connected to at least one constant driver which has been preserved, other driver is ignored [/home/hs/Desktop/FHE/fhe_benes/fhe_interconnect/step1/intc_benes.sv:36]
CRITICAL WARNING: [Synth 8-6859] multi-driven net on pin Q with 1st driver pin 'module_input_reg_reg[19][491]/Q' [/home/hs/Desktop/FHE/fhe_benes/fhe_interconnect/step1/intc_benes.sv:36]
CRITICAL WARNING: [Synth 8-6859] multi-driven net on pin Q with 2nd driver pin 'GND' [/home/hs/Desktop/FHE/fhe_benes/fhe_interconnect/step1/intc_benes.sv:36]
CRITICAL WARNING: [Synth 8-6858] multi-driven net Q is connected to at least one constant driver which has been preserved, other driver is ignored [/home/hs/Desktop/FHE/fhe_benes/fhe_interconnect/step1/intc_benes.sv:36]
CRITICAL WARNING: [Synth 8-6859] multi-driven net on pin Q with 1st driver pin 'module_input_reg_reg[19][490]/Q' [/home/hs/Desktop/FHE/fhe_benes/fhe_interconnect/step1/intc_benes.sv:36]
CRITICAL WARNING: [Synth 8-6859] multi-driven net on pin Q with 2nd driver pin 'GND' [/home/hs/Desktop/FHE/fhe_benes/fhe_interconnect/step1/intc_benes.sv:36]
CRITICAL WARNING: [Synth 8-6858] multi-driven net Q is connected to at least one constant driver which has been preserved, other driver is ignored [/home/hs/Desktop/FHE/fhe_benes/fhe_interconnect/step1/intc_benes.sv:36]
CRITICAL WARNING: [Synth 8-6859] multi-driven net on pin Q with 1st driver pin 'module_input_reg_reg[19][489]/Q' [/home/hs/Desktop/FHE/fhe_benes/fhe_interconnect/step1/intc_benes.sv:36]
CRITICAL WARNING: [Synth 8-6859] multi-driven net on pin Q with 2nd driver pin 'GND' [/home/hs/Desktop/FHE/fhe_benes/fhe_interconnect/step1/intc_benes.sv:36]
CRITICAL WARNING: [Synth 8-6858] multi-driven net Q is connected to at least one constant driver which has been preserved, other driver is ignored [/home/hs/Desktop/FHE/fhe_benes/fhe_interconnect/step1/intc_benes.sv:36]
CRITICAL WARNING: [Synth 8-6859] multi-driven net on pin Q with 1st driver pin 'module_input_reg_reg[19][488]/Q' [/home/hs/Desktop/FHE/fhe_benes/fhe_interconnect/step1/intc_benes.sv:36]
CRITICAL WARNING: [Synth 8-6859] multi-driven net on pin Q with 2nd driver pin 'GND' [/home/hs/Desktop/FHE/fhe_benes/fhe_interconnect/step1/intc_benes.sv:36]
CRITICAL WARNING: [Synth 8-6858] multi-driven net Q is connected to at least one constant driver which has been preserved, other driver is ignored [/home/hs/Desktop/FHE/fhe_benes/fhe_interconnect/step1/intc_benes.sv:36]
CRITICAL WARNING: [Synth 8-6859] multi-driven net on pin Q with 1st driver pin 'module_input_reg_reg[19][487]/Q' [/home/hs/Desktop/FHE/fhe_benes/fhe_interconnect/step1/intc_benes.sv:36]
CRITICAL WARNING: [Synth 8-6859] multi-driven net on pin Q with 2nd driver pin 'GND' [/home/hs/Desktop/FHE/fhe_benes/fhe_interconnect/step1/intc_benes.sv:36]
CRITICAL WARNING: [Synth 8-6858] multi-driven net Q is connected to at least one constant driver which has been preserved, other driver is ignored [/home/hs/Desktop/FHE/fhe_benes/fhe_interconnect/step1/intc_benes.sv:36]
CRITICAL WARNING: [Synth 8-6859] multi-driven net on pin Q with 1st driver pin 'module_input_reg_reg[19][486]/Q' [/home/hs/Desktop/FHE/fhe_benes/fhe_interconnect/step1/intc_benes.sv:36]
CRITICAL WARNING: [Synth 8-6859] multi-driven net on pin Q with 2nd driver pin 'GND' [/home/hs/Desktop/FHE/fhe_benes/fhe_interconnect/step1/intc_benes.sv:36]
CRITICAL WARNING: [Synth 8-6858] multi-driven net Q is connected to at least one constant driver which has been preserved, other driver is ignored [/home/hs/Desktop/FHE/fhe_benes/fhe_interconnect/step1/intc_benes.sv:36]
CRITICAL WARNING: [Synth 8-6859] multi-driven net on pin Q with 1st driver pin 'module_input_reg_reg[19][485]/Q' [/home/hs/Desktop/FHE/fhe_benes/fhe_interconnect/step1/intc_benes.sv:36]
CRITICAL WARNING: [Synth 8-6859] multi-driven net on pin Q with 2nd driver pin 'GND' [/home/hs/Desktop/FHE/fhe_benes/fhe_interconnect/step1/intc_benes.sv:36]
CRITICAL WARNING: [Synth 8-6858] multi-driven net Q is connected to at least one constant driver which has been preserved, other driver is ignored [/home/hs/Desktop/FHE/fhe_benes/fhe_interconnect/step1/intc_benes.sv:36]
CRITICAL WARNING: [Synth 8-6859] multi-driven net on pin Q with 1st driver pin 'module_input_reg_reg[19][484]/Q' [/home/hs/Desktop/FHE/fhe_benes/fhe_interconnect/step1/intc_benes.sv:36]
CRITICAL WARNING: [Synth 8-6859] multi-driven net on pin Q with 2nd driver pin 'GND' [/home/hs/Desktop/FHE/fhe_benes/fhe_interconnect/step1/intc_benes.sv:36]
CRITICAL WARNING: [Synth 8-6858] multi-driven net Q is connected to at least one constant driver which has been preserved, other driver is ignored [/home/hs/Desktop/FHE/fhe_benes/fhe_interconnect/step1/intc_benes.sv:36]
CRITICAL WARNING: [Synth 8-6859] multi-driven net on pin Q with 1st driver pin 'module_input_reg_reg[19][483]/Q' [/home/hs/Desktop/FHE/fhe_benes/fhe_interconnect/step1/intc_benes.sv:36]
CRITICAL WARNING: [Synth 8-6859] multi-driven net on pin Q with 2nd driver pin 'GND' [/home/hs/Desktop/FHE/fhe_benes/fhe_interconnect/step1/intc_benes.sv:36]
CRITICAL WARNING: [Synth 8-6858] multi-driven net Q is connected to at least one constant driver which has been preserved, other driver is ignored [/home/hs/Desktop/FHE/fhe_benes/fhe_interconnect/step1/intc_benes.sv:36]
CRITICAL WARNING: [Synth 8-6859] multi-driven net on pin Q with 1st driver pin 'module_input_reg_reg[19][482]/Q' [/home/hs/Desktop/FHE/fhe_benes/fhe_interconnect/step1/intc_benes.sv:36]
CRITICAL WARNING: [Synth 8-6859] multi-driven net on pin Q with 2nd driver pin 'GND' [/home/hs/Desktop/FHE/fhe_benes/fhe_interconnect/step1/intc_benes.sv:36]
CRITICAL WARNING: [Synth 8-6858] multi-driven net Q is connected to at least one constant driver which has been preserved, other driver is ignored [/home/hs/Desktop/FHE/fhe_benes/fhe_interconnect/step1/intc_benes.sv:36]
CRITICAL WARNING: [Synth 8-6859] multi-driven net on pin Q with 1st driver pin 'module_input_reg_reg[19][481]/Q' [/home/hs/Desktop/FHE/fhe_benes/fhe_interconnect/step1/intc_benes.sv:36]
CRITICAL WARNING: [Synth 8-6859] multi-driven net on pin Q with 2nd driver pin 'GND' [/home/hs/Desktop/FHE/fhe_benes/fhe_interconnect/step1/intc_benes.sv:36]
CRITICAL WARNING: [Synth 8-6858] multi-driven net Q is connected to at least one constant driver which has been preserved, other driver is ignored [/home/hs/Desktop/FHE/fhe_benes/fhe_interconnect/step1/intc_benes.sv:36]
CRITICAL WARNING: [Synth 8-6859] multi-driven net on pin Q with 1st driver pin 'module_input_reg_reg[19][480]/Q' [/home/hs/Desktop/FHE/fhe_benes/fhe_interconnect/step1/intc_benes.sv:36]
CRITICAL WARNING: [Synth 8-6859] multi-driven net on pin Q with 2nd driver pin 'GND' [/home/hs/Desktop/FHE/fhe_benes/fhe_interconnect/step1/intc_benes.sv:36]
CRITICAL WARNING: [Synth 8-6858] multi-driven net Q is connected to at least one constant driver which has been preserved, other driver is ignored [/home/hs/Desktop/FHE/fhe_benes/fhe_interconnect/step1/intc_benes.sv:36]
CRITICAL WARNING: [Synth 8-6859] multi-driven net on pin Q with 1st driver pin 'module_input_reg_reg[19][479]/Q' [/home/hs/Desktop/FHE/fhe_benes/fhe_interconnect/step1/intc_benes.sv:36]
CRITICAL WARNING: [Synth 8-6859] multi-driven net on pin Q with 2nd driver pin 'GND' [/home/hs/Desktop/FHE/fhe_benes/fhe_interconnect/step1/intc_benes.sv:36]
CRITICAL WARNING: [Synth 8-6858] multi-driven net Q is connected to at least one constant driver which has been preserved, other driver is ignored [/home/hs/Desktop/FHE/fhe_benes/fhe_interconnect/step1/intc_benes.sv:36]
CRITICAL WARNING: [Synth 8-6859] multi-driven net on pin Q with 1st driver pin 'module_input_reg_reg[19][478]/Q' [/home/hs/Desktop/FHE/fhe_benes/fhe_interconnect/step1/intc_benes.sv:36]
CRITICAL WARNING: [Synth 8-6859] multi-driven net on pin Q with 2nd driver pin 'GND' [/home/hs/Desktop/FHE/fhe_benes/fhe_interconnect/step1/intc_benes.sv:36]
CRITICAL WARNING: [Synth 8-6858] multi-driven net Q is connected to at least one constant driver which has been preserved, other driver is ignored [/home/hs/Desktop/FHE/fhe_benes/fhe_interconnect/step1/intc_benes.sv:36]
CRITICAL WARNING: [Synth 8-6859] multi-driven net on pin Q with 1st driver pin 'module_input_reg_reg[19][477]/Q' [/home/hs/Desktop/FHE/fhe_benes/fhe_interconnect/step1/intc_benes.sv:36]
CRITICAL WARNING: [Synth 8-6859] multi-driven net on pin Q with 2nd driver pin 'GND' [/home/hs/Desktop/FHE/fhe_benes/fhe_interconnect/step1/intc_benes.sv:36]
CRITICAL WARNING: [Synth 8-6858] multi-driven net Q is connected to at least one constant driver which has been preserved, other driver is ignored [/home/hs/Desktop/FHE/fhe_benes/fhe_interconnect/step1/intc_benes.sv:36]
CRITICAL WARNING: [Synth 8-6859] multi-driven net on pin Q with 1st driver pin 'module_input_reg_reg[19][476]/Q' [/home/hs/Desktop/FHE/fhe_benes/fhe_interconnect/step1/intc_benes.sv:36]
CRITICAL WARNING: [Synth 8-6859] multi-driven net on pin Q with 2nd driver pin 'GND' [/home/hs/Desktop/FHE/fhe_benes/fhe_interconnect/step1/intc_benes.sv:36]
CRITICAL WARNING: [Synth 8-6858] multi-driven net Q is connected to at least one constant driver which has been preserved, other driver is ignored [/home/hs/Desktop/FHE/fhe_benes/fhe_interconnect/step1/intc_benes.sv:36]
CRITICAL WARNING: [Synth 8-6859] multi-driven net on pin Q with 1st driver pin 'module_input_reg_reg[19][475]/Q' [/home/hs/Desktop/FHE/fhe_benes/fhe_interconnect/step1/intc_benes.sv:36]
CRITICAL WARNING: [Synth 8-6859] multi-driven net on pin Q with 2nd driver pin 'GND' [/home/hs/Desktop/FHE/fhe_benes/fhe_interconnect/step1/intc_benes.sv:36]
CRITICAL WARNING: [Synth 8-6858] multi-driven net Q is connected to at least one constant driver which has been preserved, other driver is ignored [/home/hs/Desktop/FHE/fhe_benes/fhe_interconnect/step1/intc_benes.sv:36]
CRITICAL WARNING: [Synth 8-6859] multi-driven net on pin Q with 1st driver pin 'module_input_reg_reg[19][474]/Q' [/home/hs/Desktop/FHE/fhe_benes/fhe_interconnect/step1/intc_benes.sv:36]
CRITICAL WARNING: [Synth 8-6859] multi-driven net on pin Q with 2nd driver pin 'GND' [/home/hs/Desktop/FHE/fhe_benes/fhe_interconnect/step1/intc_benes.sv:36]
CRITICAL WARNING: [Synth 8-6858] multi-driven net Q is connected to at least one constant driver which has been preserved, other driver is ignored [/home/hs/Desktop/FHE/fhe_benes/fhe_interconnect/step1/intc_benes.sv:36]
CRITICAL WARNING: [Synth 8-6859] multi-driven net on pin Q with 1st driver pin 'module_input_reg_reg[19][473]/Q' [/home/hs/Desktop/FHE/fhe_benes/fhe_interconnect/step1/intc_benes.sv:36]
CRITICAL WARNING: [Synth 8-6859] multi-driven net on pin Q with 2nd driver pin 'GND' [/home/hs/Desktop/FHE/fhe_benes/fhe_interconnect/step1/intc_benes.sv:36]
CRITICAL WARNING: [Synth 8-6858] multi-driven net Q is connected to at least one constant driver which has been preserved, other driver is ignored [/home/hs/Desktop/FHE/fhe_benes/fhe_interconnect/step1/intc_benes.sv:36]
CRITICAL WARNING: [Synth 8-6859] multi-driven net on pin Q with 1st driver pin 'module_input_reg_reg[19][472]/Q' [/home/hs/Desktop/FHE/fhe_benes/fhe_interconnect/step1/intc_benes.sv:36]
CRITICAL WARNING: [Synth 8-6859] multi-driven net on pin Q with 2nd driver pin 'GND' [/home/hs/Desktop/FHE/fhe_benes/fhe_interconnect/step1/intc_benes.sv:36]
CRITICAL WARNING: [Synth 8-6858] multi-driven net Q is connected to at least one constant driver which has been preserved, other driver is ignored [/home/hs/Desktop/FHE/fhe_benes/fhe_interconnect/step1/intc_benes.sv:36]
CRITICAL WARNING: [Synth 8-6859] multi-driven net on pin Q with 1st driver pin 'module_input_reg_reg[19][471]/Q' [/home/hs/Desktop/FHE/fhe_benes/fhe_interconnect/step1/intc_benes.sv:36]
CRITICAL WARNING: [Synth 8-6859] multi-driven net on pin Q with 2nd driver pin 'GND' [/home/hs/Desktop/FHE/fhe_benes/fhe_interconnect/step1/intc_benes.sv:36]
CRITICAL WARNING: [Synth 8-6858] multi-driven net Q is connected to at least one constant driver which has been preserved, other driver is ignored [/home/hs/Desktop/FHE/fhe_benes/fhe_interconnect/step1/intc_benes.sv:36]
CRITICAL WARNING: [Synth 8-6859] multi-driven net on pin Q with 1st driver pin 'module_input_reg_reg[19][470]/Q' [/home/hs/Desktop/FHE/fhe_benes/fhe_interconnect/step1/intc_benes.sv:36]
CRITICAL WARNING: [Synth 8-6859] multi-driven net on pin Q with 2nd driver pin 'GND' [/home/hs/Desktop/FHE/fhe_benes/fhe_interconnect/step1/intc_benes.sv:36]
CRITICAL WARNING: [Synth 8-6858] multi-driven net Q is connected to at least one constant driver which has been preserved, other driver is ignored [/home/hs/Desktop/FHE/fhe_benes/fhe_interconnect/step1/intc_benes.sv:36]
CRITICAL WARNING: [Synth 8-6859] multi-driven net on pin Q with 1st driver pin 'module_input_reg_reg[19][469]/Q' [/home/hs/Desktop/FHE/fhe_benes/fhe_interconnect/step1/intc_benes.sv:36]
CRITICAL WARNING: [Synth 8-6859] multi-driven net on pin Q with 2nd driver pin 'GND' [/home/hs/Desktop/FHE/fhe_benes/fhe_interconnect/step1/intc_benes.sv:36]
CRITICAL WARNING: [Synth 8-6858] multi-driven net Q is connected to at least one constant driver which has been preserved, other driver is ignored [/home/hs/Desktop/FHE/fhe_benes/fhe_interconnect/step1/intc_benes.sv:36]
CRITICAL WARNING: [Synth 8-6859] multi-driven net on pin Q with 1st driver pin 'module_input_reg_reg[19][468]/Q' [/home/hs/Desktop/FHE/fhe_benes/fhe_interconnect/step1/intc_benes.sv:36]
CRITICAL WARNING: [Synth 8-6859] multi-driven net on pin Q with 2nd driver pin 'GND' [/home/hs/Desktop/FHE/fhe_benes/fhe_interconnect/step1/intc_benes.sv:36]
CRITICAL WARNING: [Synth 8-6858] multi-driven net Q is connected to at least one constant driver which has been preserved, other driver is ignored [/home/hs/Desktop/FHE/fhe_benes/fhe_interconnect/step1/intc_benes.sv:36]
CRITICAL WARNING: [Synth 8-6859] multi-driven net on pin Q with 1st driver pin 'module_input_reg_reg[19][467]/Q' [/home/hs/Desktop/FHE/fhe_benes/fhe_interconnect/step1/intc_benes.sv:36]
CRITICAL WARNING: [Synth 8-6859] multi-driven net on pin Q with 2nd driver pin 'GND' [/home/hs/Desktop/FHE/fhe_benes/fhe_interconnect/step1/intc_benes.sv:36]
CRITICAL WARNING: [Synth 8-6858] multi-driven net Q is connected to at least one constant driver which has been preserved, other driver is ignored [/home/hs/Desktop/FHE/fhe_benes/fhe_interconnect/step1/intc_benes.sv:36]
CRITICAL WARNING: [Synth 8-6859] multi-driven net on pin Q with 1st driver pin 'module_input_reg_reg[19][466]/Q' [/home/hs/Desktop/FHE/fhe_benes/fhe_interconnect/step1/intc_benes.sv:36]
CRITICAL WARNING: [Synth 8-6859] multi-driven net on pin Q with 2nd driver pin 'GND' [/home/hs/Desktop/FHE/fhe_benes/fhe_interconnect/step1/intc_benes.sv:36]
CRITICAL WARNING: [Synth 8-6858] multi-driven net Q is connected to at least one constant driver which has been preserved, other driver is ignored [/home/hs/Desktop/FHE/fhe_benes/fhe_interconnect/step1/intc_benes.sv:36]
CRITICAL WARNING: [Synth 8-6859] multi-driven net on pin Q with 1st driver pin 'module_input_reg_reg[19][465]/Q' [/home/hs/Desktop/FHE/fhe_benes/fhe_interconnect/step1/intc_benes.sv:36]
CRITICAL WARNING: [Synth 8-6859] multi-driven net on pin Q with 2nd driver pin 'GND' [/home/hs/Desktop/FHE/fhe_benes/fhe_interconnect/step1/intc_benes.sv:36]
CRITICAL WARNING: [Synth 8-6858] multi-driven net Q is connected to at least one constant driver which has been preserved, other driver is ignored [/home/hs/Desktop/FHE/fhe_benes/fhe_interconnect/step1/intc_benes.sv:36]
CRITICAL WARNING: [Synth 8-6859] multi-driven net on pin Q with 1st driver pin 'module_input_reg_reg[19][464]/Q' [/home/hs/Desktop/FHE/fhe_benes/fhe_interconnect/step1/intc_benes.sv:36]
CRITICAL WARNING: [Synth 8-6859] multi-driven net on pin Q with 2nd driver pin 'GND' [/home/hs/Desktop/FHE/fhe_benes/fhe_interconnect/step1/intc_benes.sv:36]
CRITICAL WARNING: [Synth 8-6858] multi-driven net Q is connected to at least one constant driver which has been preserved, other driver is ignored [/home/hs/Desktop/FHE/fhe_benes/fhe_interconnect/step1/intc_benes.sv:36]
CRITICAL WARNING: [Synth 8-6859] multi-driven net on pin Q with 1st driver pin 'module_input_reg_reg[19][463]/Q' [/home/hs/Desktop/FHE/fhe_benes/fhe_interconnect/step1/intc_benes.sv:36]
CRITICAL WARNING: [Synth 8-6859] multi-driven net on pin Q with 2nd driver pin 'GND' [/home/hs/Desktop/FHE/fhe_benes/fhe_interconnect/step1/intc_benes.sv:36]
CRITICAL WARNING: [Synth 8-6858] multi-driven net Q is connected to at least one constant driver which has been preserved, other driver is ignored [/home/hs/Desktop/FHE/fhe_benes/fhe_interconnect/step1/intc_benes.sv:36]
CRITICAL WARNING: [Synth 8-6859] multi-driven net on pin Q with 1st driver pin 'module_input_reg_reg[19][462]/Q' [/home/hs/Desktop/FHE/fhe_benes/fhe_interconnect/step1/intc_benes.sv:36]
CRITICAL WARNING: [Synth 8-6859] multi-driven net on pin Q with 2nd driver pin 'GND' [/home/hs/Desktop/FHE/fhe_benes/fhe_interconnect/step1/intc_benes.sv:36]
INFO: [Common 17-14] Message 'Synth 8-6859' appears 100 times and further instances of the messages will be disabled. Use the Tcl command set_msg_config to change the current settings.
CRITICAL WARNING: [Synth 8-6858] multi-driven net Q is connected to at least one constant driver which has been preserved, other driver is ignored [/home/hs/Desktop/FHE/fhe_benes/fhe_interconnect/step1/intc_benes.sv:36]
CRITICAL WARNING: [Synth 8-6858] multi-driven net Q is connected to at least one constant driver which has been preserved, other driver is ignored [/home/hs/Desktop/FHE/fhe_benes/fhe_interconnect/step1/intc_benes.sv:36]
CRITICAL WARNING: [Synth 8-6858] multi-driven net Q is connected to at least one constant driver which has been preserved, other driver is ignored [/home/hs/Desktop/FHE/fhe_benes/fhe_interconnect/step1/intc_benes.sv:36]
CRITICAL WARNING: [Synth 8-6858] multi-driven net Q is connected to at least one constant driver which has been preserved, other driver is ignored [/home/hs/Desktop/FHE/fhe_benes/fhe_interconnect/step1/intc_benes.sv:36]
CRITICAL WARNING: [Synth 8-6858] multi-driven net Q is connected to at least one constant driver which has been preserved, other driver is ignored [/home/hs/Desktop/FHE/fhe_benes/fhe_interconnect/step1/intc_benes.sv:36]
CRITICAL WARNING: [Synth 8-6858] multi-driven net Q is connected to at least one constant driver which has been preserved, other driver is ignored [/home/hs/Desktop/FHE/fhe_benes/fhe_interconnect/step1/intc_benes.sv:36]
CRITICAL WARNING: [Synth 8-6858] multi-driven net Q is connected to at least one constant driver which has been preserved, other driver is ignored [/home/hs/Desktop/FHE/fhe_benes/fhe_interconnect/step1/intc_benes.sv:36]
CRITICAL WARNING: [Synth 8-6858] multi-driven net Q is connected to at least one constant driver which has been preserved, other driver is ignored [/home/hs/Desktop/FHE/fhe_benes/fhe_interconnect/step1/intc_benes.sv:36]
CRITICAL WARNING: [Synth 8-6858] multi-driven net Q is connected to at least one constant driver which has been preserved, other driver is ignored [/home/hs/Desktop/FHE/fhe_benes/fhe_interconnect/step1/intc_benes.sv:36]
CRITICAL WARNING: [Synth 8-6858] multi-driven net Q is connected to at least one constant driver which has been preserved, other driver is ignored [/home/hs/Desktop/FHE/fhe_benes/fhe_interconnect/step1/intc_benes.sv:36]
CRITICAL WARNING: [Synth 8-6858] multi-driven net Q is connected to at least one constant driver which has been preserved, other driver is ignored [/home/hs/Desktop/FHE/fhe_benes/fhe_interconnect/step1/intc_benes.sv:36]
CRITICAL WARNING: [Synth 8-6858] multi-driven net Q is connected to at least one constant driver which has been preserved, other driver is ignored [/home/hs/Desktop/FHE/fhe_benes/fhe_interconnect/step1/intc_benes.sv:36]
CRITICAL WARNING: [Synth 8-6858] multi-driven net Q is connected to at least one constant driver which has been preserved, other driver is ignored [/home/hs/Desktop/FHE/fhe_benes/fhe_interconnect/step1/intc_benes.sv:36]
CRITICAL WARNING: [Synth 8-6858] multi-driven net Q is connected to at least one constant driver which has been preserved, other driver is ignored [/home/hs/Desktop/FHE/fhe_benes/fhe_interconnect/step1/intc_benes.sv:36]
CRITICAL WARNING: [Synth 8-6858] multi-driven net Q is connected to at least one constant driver which has been preserved, other driver is ignored [/home/hs/Desktop/FHE/fhe_benes/fhe_interconnect/step1/intc_benes.sv:36]
CRITICAL WARNING: [Synth 8-6858] multi-driven net Q is connected to at least one constant driver which has been preserved, other driver is ignored [/home/hs/Desktop/FHE/fhe_benes/fhe_interconnect/step1/intc_benes.sv:36]
CRITICAL WARNING: [Synth 8-6858] multi-driven net Q is connected to at least one constant driver which has been preserved, other driver is ignored [/home/hs/Desktop/FHE/fhe_benes/fhe_interconnect/step1/intc_benes.sv:36]
CRITICAL WARNING: [Synth 8-6858] multi-driven net Q is connected to at least one constant driver which has been preserved, other driver is ignored [/home/hs/Desktop/FHE/fhe_benes/fhe_interconnect/step1/intc_benes.sv:36]
CRITICAL WARNING: [Synth 8-6858] multi-driven net Q is connected to at least one constant driver which has been preserved, other driver is ignored [/home/hs/Desktop/FHE/fhe_benes/fhe_interconnect/step1/intc_benes.sv:36]
CRITICAL WARNING: [Synth 8-6858] multi-driven net Q is connected to at least one constant driver which has been preserved, other driver is ignored [/home/hs/Desktop/FHE/fhe_benes/fhe_interconnect/step1/intc_benes.sv:36]
CRITICAL WARNING: [Synth 8-6858] multi-driven net Q is connected to at least one constant driver which has been preserved, other driver is ignored [/home/hs/Desktop/FHE/fhe_benes/fhe_interconnect/step1/intc_benes.sv:36]
CRITICAL WARNING: [Synth 8-6858] multi-driven net Q is connected to at least one constant driver which has been preserved, other driver is ignored [/home/hs/Desktop/FHE/fhe_benes/fhe_interconnect/step1/intc_benes.sv:36]
CRITICAL WARNING: [Synth 8-6858] multi-driven net Q is connected to at least one constant driver which has been preserved, other driver is ignored [/home/hs/Desktop/FHE/fhe_benes/fhe_interconnect/step1/intc_benes.sv:36]
CRITICAL WARNING: [Synth 8-6858] multi-driven net Q is connected to at least one constant driver which has been preserved, other driver is ignored [/home/hs/Desktop/FHE/fhe_benes/fhe_interconnect/step1/intc_benes.sv:36]
CRITICAL WARNING: [Synth 8-6858] multi-driven net Q is connected to at least one constant driver which has been preserved, other driver is ignored [/home/hs/Desktop/FHE/fhe_benes/fhe_interconnect/step1/intc_benes.sv:36]
CRITICAL WARNING: [Synth 8-6858] multi-driven net Q is connected to at least one constant driver which has been preserved, other driver is ignored [/home/hs/Desktop/FHE/fhe_benes/fhe_interconnect/step1/intc_benes.sv:36]
CRITICAL WARNING: [Synth 8-6858] multi-driven net Q is connected to at least one constant driver which has been preserved, other driver is ignored [/home/hs/Desktop/FHE/fhe_benes/fhe_interconnect/step1/intc_benes.sv:36]
CRITICAL WARNING: [Synth 8-6858] multi-driven net Q is connected to at least one constant driver which has been preserved, other driver is ignored [/home/hs/Desktop/FHE/fhe_benes/fhe_interconnect/step1/intc_benes.sv:36]
CRITICAL WARNING: [Synth 8-6858] multi-driven net Q is connected to at least one constant driver which has been preserved, other driver is ignored [/home/hs/Desktop/FHE/fhe_benes/fhe_interconnect/step1/intc_benes.sv:36]
CRITICAL WARNING: [Synth 8-6858] multi-driven net Q is connected to at least one constant driver which has been preserved, other driver is ignored [/home/hs/Desktop/FHE/fhe_benes/fhe_interconnect/step1/intc_benes.sv:36]
CRITICAL WARNING: [Synth 8-6858] multi-driven net Q is connected to at least one constant driver which has been preserved, other driver is ignored [/home/hs/Desktop/FHE/fhe_benes/fhe_interconnect/step1/intc_benes.sv:36]
CRITICAL WARNING: [Synth 8-6858] multi-driven net Q is connected to at least one constant driver which has been preserved, other driver is ignored [/home/hs/Desktop/FHE/fhe_benes/fhe_interconnect/step1/intc_benes.sv:36]
CRITICAL WARNING: [Synth 8-6858] multi-driven net Q is connected to at least one constant driver which has been preserved, other driver is ignored [/home/hs/Desktop/FHE/fhe_benes/fhe_interconnect/step1/intc_benes.sv:36]
CRITICAL WARNING: [Synth 8-6858] multi-driven net Q is connected to at least one constant driver which has been preserved, other driver is ignored [/home/hs/Desktop/FHE/fhe_benes/fhe_interconnect/step1/intc_benes.sv:36]
CRITICAL WARNING: [Synth 8-6858] multi-driven net Q is connected to at least one constant driver which has been preserved, other driver is ignored [/home/hs/Desktop/FHE/fhe_benes/fhe_interconnect/step1/intc_benes.sv:36]
CRITICAL WARNING: [Synth 8-6858] multi-driven net Q is connected to at least one constant driver which has been preserved, other driver is ignored [/home/hs/Desktop/FHE/fhe_benes/fhe_interconnect/step1/intc_benes.sv:36]
CRITICAL WARNING: [Synth 8-6858] multi-driven net Q is connected to at least one constant driver which has been preserved, other driver is ignored [/home/hs/Desktop/FHE/fhe_benes/fhe_interconnect/step1/intc_benes.sv:36]
CRITICAL WARNING: [Synth 8-6858] multi-driven net Q is connected to at least one constant driver which has been preserved, other driver is ignored [/home/hs/Desktop/FHE/fhe_benes/fhe_interconnect/step1/intc_benes.sv:36]
CRITICAL WARNING: [Synth 8-6858] multi-driven net Q is connected to at least one constant driver which has been preserved, other driver is ignored [/home/hs/Desktop/FHE/fhe_benes/fhe_interconnect/step1/intc_benes.sv:36]
CRITICAL WARNING: [Synth 8-6858] multi-driven net Q is connected to at least one constant driver which has been preserved, other driver is ignored [/home/hs/Desktop/FHE/fhe_benes/fhe_interconnect/step1/intc_benes.sv:36]
CRITICAL WARNING: [Synth 8-6858] multi-driven net Q is connected to at least one constant driver which has been preserved, other driver is ignored [/home/hs/Desktop/FHE/fhe_benes/fhe_interconnect/step1/intc_benes.sv:36]
CRITICAL WARNING: [Synth 8-6858] multi-driven net Q is connected to at least one constant driver which has been preserved, other driver is ignored [/home/hs/Desktop/FHE/fhe_benes/fhe_interconnect/step1/intc_benes.sv:36]
CRITICAL WARNING: [Synth 8-6858] multi-driven net Q is connected to at least one constant driver which has been preserved, other driver is ignored [/home/hs/Desktop/FHE/fhe_benes/fhe_interconnect/step1/intc_benes.sv:36]
CRITICAL WARNING: [Synth 8-6858] multi-driven net Q is connected to at least one constant driver which has been preserved, other driver is ignored [/home/hs/Desktop/FHE/fhe_benes/fhe_interconnect/step1/intc_benes.sv:36]
CRITICAL WARNING: [Synth 8-6858] multi-driven net Q is connected to at least one constant driver which has been preserved, other driver is ignored [/home/hs/Desktop/FHE/fhe_benes/fhe_interconnect/step1/intc_benes.sv:36]
CRITICAL WARNING: [Synth 8-6858] multi-driven net Q is connected to at least one constant driver which has been preserved, other driver is ignored [/home/hs/Desktop/FHE/fhe_benes/fhe_interconnect/step1/intc_benes.sv:36]
CRITICAL WARNING: [Synth 8-6858] multi-driven net Q is connected to at least one constant driver which has been preserved, other driver is ignored [/home/hs/Desktop/FHE/fhe_benes/fhe_interconnect/step1/intc_benes.sv:36]
CRITICAL WARNING: [Synth 8-6858] multi-driven net Q is connected to at least one constant driver which has been preserved, other driver is ignored [/home/hs/Desktop/FHE/fhe_benes/fhe_interconnect/step1/intc_benes.sv:36]
CRITICAL WARNING: [Synth 8-6858] multi-driven net Q is connected to at least one constant driver which has been preserved, other driver is ignored [/home/hs/Desktop/FHE/fhe_benes/fhe_interconnect/step1/intc_benes.sv:36]
CRITICAL WARNING: [Synth 8-6858] multi-driven net Q is connected to at least one constant driver which has been preserved, other driver is ignored [/home/hs/Desktop/FHE/fhe_benes/fhe_interconnect/step1/intc_benes.sv:36]
CRITICAL WARNING: [Synth 8-6858] multi-driven net Q is connected to at least one constant driver which has been preserved, other driver is ignored [/home/hs/Desktop/FHE/fhe_benes/fhe_interconnect/step1/intc_benes.sv:36]
INFO: [Common 17-14] Message 'Synth 8-6858' appears 100 times and further instances of the messages will be disabled. Use the Tcl command set_msg_config to change the current settings.
---------------------------------------------------------------------------------
Finished Final Netlist Cleanup
---------------------------------------------------------------------------------
---------------------------------------------------------------------------------
Finished IO Insertion : Time (s): cpu = 00:01:14 ; elapsed = 00:06:42 . Memory (MB): peak = 4064.902 ; gain = 1717.488 ; free physical = 13169 ; free virtual = 15393
---------------------------------------------------------------------------------
---------------------------------------------------------------------------------
Start Renaming Generated Instances
---------------------------------------------------------------------------------
---------------------------------------------------------------------------------
Finished Renaming Generated Instances : Time (s): cpu = 00:01:15 ; elapsed = 00:06:42 . Memory (MB): peak = 4064.902 ; gain = 1717.488 ; free physical = 13169 ; free virtual = 15393
---------------------------------------------------------------------------------
---------------------------------------------------------------------------------
Start Rebuilding User Hierarchy
---------------------------------------------------------------------------------
---------------------------------------------------------------------------------
Finished Rebuilding User Hierarchy : Time (s): cpu = 00:01:15 ; elapsed = 00:06:42 . Memory (MB): peak = 4064.902 ; gain = 1717.488 ; free physical = 13173 ; free virtual = 15396
---------------------------------------------------------------------------------
---------------------------------------------------------------------------------
Start Renaming Generated Ports
---------------------------------------------------------------------------------
---------------------------------------------------------------------------------
Finished Renaming Generated Ports : Time (s): cpu = 00:01:15 ; elapsed = 00:06:42 . Memory (MB): peak = 4064.902 ; gain = 1717.488 ; free physical = 13173 ; free virtual = 15396
---------------------------------------------------------------------------------
---------------------------------------------------------------------------------
Start Handling Custom Attributes
---------------------------------------------------------------------------------
---------------------------------------------------------------------------------
Finished Handling Custom Attributes : Time (s): cpu = 00:01:15 ; elapsed = 00:06:42 . Memory (MB): peak = 4064.902 ; gain = 1717.488 ; free physical = 13173 ; free virtual = 15396
---------------------------------------------------------------------------------
---------------------------------------------------------------------------------
Start Renaming Generated Nets
---------------------------------------------------------------------------------
---------------------------------------------------------------------------------
Finished Renaming Generated Nets : Time (s): cpu = 00:01:15 ; elapsed = 00:06:42 . Memory (MB): peak = 4064.902 ; gain = 1717.488 ; free physical = 13173 ; free virtual = 15396
---------------------------------------------------------------------------------
---------------------------------------------------------------------------------
Start Writing Synthesis Report
---------------------------------------------------------------------------------

Report BlackBoxes: 
+-+--------------+----------+
| |BlackBox name |Instances |
+-+--------------+----------+
+-+--------------+----------+

Report Cell Usage: 
+------+-----+------+
|      |Cell |Count |
+------+-----+------+
|1     |OBUF | 20480|
+------+-----+------+

Report Instance Areas: 
+------+---------+-------+------+
|      |Instance |Module |Cells |
+------+---------+-------+------+
|1     |top      |       | 20480|
+------+---------+-------+------+
---------------------------------------------------------------------------------
Finished Writing Synthesis Report : Time (s): cpu = 00:01:15 ; elapsed = 00:06:42 . Memory (MB): peak = 4064.902 ; gain = 1717.488 ; free physical = 13173 ; free virtual = 15397
---------------------------------------------------------------------------------
Synthesis finished with 0 errors, 61440 critical warnings and 16 warnings.
Synthesis Optimization Runtime : Time (s): cpu = 00:01:17 ; elapsed = 00:06:47 . Memory (MB): peak = 4064.902 ; gain = 1717.488 ; free physical = 20896 ; free virtual = 23307
Synthesis Optimization Complete : Time (s): cpu = 00:01:17 ; elapsed = 00:06:47 . Memory (MB): peak = 4064.902 ; gain = 1717.488 ; free physical = 20957 ; free virtual = 23308
INFO: [Project 1-571] Translating synthesized netlist
Netlist sorting complete. Time (s): cpu = 00:00:00.07 ; elapsed = 00:00:00.07 . Memory (MB): peak = 4064.902 ; gain = 0.000 ; free physical = 20936 ; free virtual = 23298
WARNING: [Netlist 29-101] Netlist 'Interconnect_benes' is not ideal for floorplanning, since the cellview 'Interconnect_benes' contains a large number of primitives.  Please consider enabling hierarchy in synthesis if you want to do floorplanning.
INFO: [Project 1-570] Preparing netlist for logic optimization
INFO: [Opt 31-138] Pushed 0 inverter(s) to 0 load pin(s).
Netlist sorting complete. Time (s): cpu = 00:00:00 ; elapsed = 00:00:00 . Memory (MB): peak = 4064.902 ; gain = 0.000 ; free physical = 20787 ; free virtual = 23188
INFO: [Project 1-111] Unisim Transformation Summary:
No Unisim elements were transformed.

INFO: [Common 17-83] Releasing license: Synthesis
21 Infos, 17 Warnings, 200 Critical Warnings and 0 Errors encountered.
synth_design completed successfully
synth_design: Time (s): cpu = 00:01:20 ; elapsed = 00:06:50 . Memory (MB): peak = 4064.902 ; gain = 1717.660 ; free physical = 20979 ; free virtual = 23381
INFO: [runtcl-6] Synthesis results are not added to the cache due to CRITICAL_WARNING
INFO: [Common 17-1381] The checkpoint '/home/hs/Desktop/FHE/fhe_benes/fhe_interconnect/step1/vivado/project_1/project_1.runs/synth_1/Interconnect_benes.dcp' has been generated.
INFO: [runtcl-4] Executing : report_utilization -file Interconnect_benes_utilization_synth.rpt -pb Interconnect_benes_utilization_synth.pb
INFO: [Common 17-206] Exiting Vivado at Mon Dec 11 17:55:25 2023...
